<?xml version="1.0" encoding="UTF-8"?>
<testsuite xmlns:xsi="http://www.w3.org/2001/XMLSchema-instance" xsi:noNamespaceSchemaLocation="https://maven.apache.org/surefire/maven-surefire-plugin/xsd/surefire-test-report.xsd" name="org.shopcommon.AppTest" time="0.135" tests="1" errors="0" skipped="0" failures="0">
  <properties>
    <property name="sun.desktop" value="windows"/>
    <property name="awt.toolkit" value="sun.awt.windows.WToolkit"/>
    <property name="file.encoding.pkg" value="sun.io"/>
    <property name="java.specification.version" value="1.8"/>
    <property name="sun.cpu.isalist" value="amd64"/>
    <property name="sun.jnu.encoding" value="GBK"/>
    <property name="java.class.path" value="F:\workplace\shop\shopcommon\target\test-classes;F:\workplace\shop\shopcommon\target\classes;D:\Maven\m2\respository\org\springframework\boot\spring-boot-starter-test\2.0.4.RELEASE\spring-boot-starter-test-2.0.4.RELEASE.jar;D:\Maven\m2\respository\org\springframework\boot\spring-boot-starter\2.0.4.RELEASE\spring-boot-starter-2.0.4.RELEASE.jar;D:\Maven\m2\respository\org\springframework\boot\spring-boot\2.0.4.RELEASE\spring-boot-2.0.4.RELEASE.jar;D:\Maven\m2\respository\org\springframework\spring-context\5.0.7.RELEASE\spring-context-5.0.7.RELEASE.jar;D:\Maven\m2\respository\org\springframework\spring-aop\5.0.7.RELEASE\spring-aop-5.0.7.RELEASE.jar;D:\Maven\m2\respository\org\springframework\spring-beans\5.0.7.RELEASE\spring-beans-5.0.7.RELEASE.jar;D:\Maven\m2\respository\org\springframework\spring-expression\5.0.7.RELEASE\spring-expression-5.0.7.RELEASE.jar;D:\Maven\m2\respository\org\springframework\boot\spring-boot-autoconfigure\2.0.4.RELEASE\spring-boot-autoconfigure-2.0.4.RELEASE.jar;D:\Maven\m2\respository\org\springframework\boot\spring-boot-starter-logging\2.0.4.RELEASE\spring-boot-starter-logging-2.0.4.RELEASE.jar;D:\Maven\m2\respository\ch\qos\logback\logback-classic\1.2.3\logback-classic-1.2.3.jar;D:\Maven\m2\respository\ch\qos\logback\logback-core\1.2.3\logback-core-1.2.3.jar;D:\Maven\m2\respository\org\apache\logging\log4j\log4j-to-slf4j\2.10.0\log4j-to-slf4j-2.10.0.jar;D:\Maven\m2\respository\org\apache\logging\log4j\log4j-api\2.10.0\log4j-api-2.10.0.jar;D:\Maven\m2\respository\org\slf4j\jul-to-slf4j\1.7.25\jul-to-slf4j-1.7.25.jar;D:\Maven\m2\respository\javax\annotation\javax.annotation-api\1.3.2\javax.annotation-api-1.3.2.jar;D:\Maven\m2\respository\org\yaml\snakeyaml\1.19\snakeyaml-1.19.jar;D:\Maven\m2\respository\org\springframework\boot\spring-boot-test\2.0.4.RELEASE\spring-boot-test-2.0.4.RELEASE.jar;D:\Maven\m2\respository\org\springframework\boot\spring-boot-test-autoconfigure\2.0.4.RELEASE\spring-boot-test-autoconfigure-2.0.4.RELEASE.jar;D:\Maven\m2\respository\com\jayway\jsonpath\json-path\2.4.0\json-path-2.4.0.jar;D:\Maven\m2\respository\net\minidev\json-smart\2.3\json-smart-2.3.jar;D:\Maven\m2\respository\net\minidev\accessors-smart\1.2\accessors-smart-1.2.jar;D:\Maven\m2\respository\org\ow2\asm\asm\5.0.4\asm-5.0.4.jar;D:\Maven\m2\respository\org\slf4j\slf4j-api\1.7.25\slf4j-api-1.7.25.jar;D:\Maven\m2\respository\junit\junit\4.12\junit-4.12.jar;D:\Maven\m2\respository\org\assertj\assertj-core\3.9.1\assertj-core-3.9.1.jar;D:\Maven\m2\respository\org\mockito\mockito-core\2.15.0\mockito-core-2.15.0.jar;D:\Maven\m2\respository\net\bytebuddy\byte-buddy\1.7.11\byte-buddy-1.7.11.jar;D:\Maven\m2\respository\net\bytebuddy\byte-buddy-agent\1.7.11\byte-buddy-agent-1.7.11.jar;D:\Maven\m2\respository\org\objenesis\objenesis\2.6\objenesis-2.6.jar;D:\Maven\m2\respository\org\hamcrest\hamcrest-core\1.3\hamcrest-core-1.3.jar;D:\Maven\m2\respository\org\hamcrest\hamcrest-library\1.3\hamcrest-library-1.3.jar;D:\Maven\m2\respository\org\skyscreamer\jsonassert\1.5.0\jsonassert-1.5.0.jar;D:\Maven\m2\respository\com\vaadin\external\google\android-json\0.0.20131108.vaadin1\android-json-0.0.20131108.vaadin1.jar;D:\Maven\m2\respository\org\springframework\spring-core\5.0.8.RELEASE\spring-core-5.0.8.RELEASE.jar;D:\Maven\m2\respository\org\springframework\spring-jcl\5.0.7.RELEASE\spring-jcl-5.0.7.RELEASE.jar;D:\Maven\m2\respository\org\springframework\spring-test\5.0.7.RELEASE\spring-test-5.0.7.RELEASE.jar;D:\Maven\m2\respository\org\xmlunit\xmlunit-core\2.5.1\xmlunit-core-2.5.1.jar;"/>
    <property name="java.vm.vendor" value="Oracle Corporation"/>
    <property name="sun.arch.data.model" value="64"/>
    <property name="user.variant" value=""/>
    <property name="java.vendor.url" value="http://java.oracle.com/"/>
    <property name="user.timezone" value=""/>
    <property name="java.vm.specification.version" value="1.8"/>
    <property name="os.name" value="Windows 7"/>
    <property name="user.country" value="CN"/>
    <property name="sun.java.launcher" value="SUN_STANDARD"/>
    <property name="sun.boot.library.path" value="D:\Program Files\Java\jdk1.8.0_112\jre\bin"/>
    <property name="sun.java.command" value="C:\Users\win7\AppData\Local\Temp\surefire6543699342974224607\surefirebooter4257370477330786146.jar C:\Users\win7\AppData\Local\Temp\surefire6543699342974224607 2018-09-04T11-36-44_392-jvmRun1 surefire3980303402931703335tmp surefire_05113061163447805067tmp"/>
    <property name="surefire.test.class.path" value="F:\workplace\shop\shopcommon\target\test-classes;F:\workplace\shop\shopcommon\target\classes;D:\Maven\m2\respository\org\springframework\boot\spring-boot-starter-test\2.0.4.RELEASE\spring-boot-starter-test-2.0.4.RELEASE.jar;D:\Maven\m2\respository\org\springframework\boot\spring-boot-starter\2.0.4.RELEASE\spring-boot-starter-2.0.4.RELEASE.jar;D:\Maven\m2\respository\org\springframework\boot\spring-boot\2.0.4.RELEASE\spring-boot-2.0.4.RELEASE.jar;D:\Maven\m2\respository\org\springframework\spring-context\5.0.7.RELEASE\spring-context-5.0.7.RELEASE.jar;D:\Maven\m2\respository\org\springframework\spring-aop\5.0.7.RELEASE\spring-aop-5.0.7.RELEASE.jar;D:\Maven\m2\respository\org\springframework\spring-beans\5.0.7.RELEASE\spring-beans-5.0.7.RELEASE.jar;D:\Maven\m2\respository\org\springframework\spring-expression\5.0.7.RELEASE\spring-expression-5.0.7.RELEASE.jar;D:\Maven\m2\respository\org\springframework\boot\spring-boot-autoconfigure\2.0.4.RELEASE\spring-boot-autoconfigure-2.0.4.RELEASE.jar;D:\Maven\m2\respository\org\springframework\boot\spring-boot-starter-logging\2.0.4.RELEASE\spring-boot-starter-logging-2.0.4.RELEASE.jar;D:\Maven\m2\respository\ch\qos\logback\logback-classic\1.2.3\logback-classic-1.2.3.jar;D:\Maven\m2\respository\ch\qos\logback\logback-core\1.2.3\logback-core-1.2.3.jar;D:\Maven\m2\respository\org\apache\logging\log4j\log4j-to-slf4j\2.10.0\log4j-to-slf4j-2.10.0.jar;D:\Maven\m2\respository\org\apache\logging\log4j\log4j-api\2.10.0\log4j-api-2.10.0.jar;D:\Maven\m2\respository\org\slf4j\jul-to-slf4j\1.7.25\jul-to-slf4j-1.7.25.jar;D:\Maven\m2\respository\javax\annotation\javax.annotation-api\1.3.2\javax.annotation-api-1.3.2.jar;D:\Maven\m2\respository\org\yaml\snakeyaml\1.19\snakeyaml-1.19.jar;D:\Maven\m2\respository\org\springframework\boot\spring-boot-test\2.0.4.RELEASE\spring-boot-test-2.0.4.RELEASE.jar;D:\Maven\m2\respository\org\springframework\boot\spring-boot-test-autoconfigure\2.0.4.RELEASE\spring-boot-test-autoconfigure-2.0.4.RELEASE.jar;D:\Maven\m2\respository\com\jayway\jsonpath\json-path\2.4.0\json-path-2.4.0.jar;D:\Maven\m2\respository\net\minidev\json-smart\2.3\json-smart-2.3.jar;D:\Maven\m2\respository\net\minidev\accessors-smart\1.2\accessors-smart-1.2.jar;D:\Maven\m2\respository\org\ow2\asm\asm\5.0.4\asm-5.0.4.jar;D:\Maven\m2\respository\org\slf4j\slf4j-api\1.7.25\slf4j-api-1.7.25.jar;D:\Maven\m2\respository\junit\junit\4.12\junit-4.12.jar;D:\Maven\m2\respository\org\assertj\assertj-core\3.9.1\assertj-core-3.9.1.jar;D:\Maven\m2\respository\org\mockito\mockito-core\2.15.0\mockito-core-2.15.0.jar;D:\Maven\m2\respository\net\bytebuddy\byte-buddy\1.7.11\byte-buddy-1.7.11.jar;D:\Maven\m2\respository\net\bytebuddy\byte-buddy-agent\1.7.11\byte-buddy-agent-1.7.11.jar;D:\Maven\m2\respository\org\objenesis\objenesis\2.6\objenesis-2.6.jar;D:\Maven\m2\respository\org\hamcrest\hamcrest-core\1.3\hamcrest-core-1.3.jar;D:\Maven\m2\respository\org\hamcrest\hamcrest-library\1.3\hamcrest-library-1.3.jar;D:\Maven\m2\respository\org\skyscreamer\jsonassert\1.5.0\jsonassert-1.5.0.jar;D:\Maven\m2\respository\com\vaadin\external\google\android-json\0.0.20131108.vaadin1\android-json-0.0.20131108.vaadin1.jar;D:\Maven\m2\respository\org\springframework\spring-core\5.0.8.RELEASE\spring-core-5.0.8.RELEASE.jar;D:\Maven\m2\respository\org\springframework\spring-jcl\5.0.7.RELEASE\spring-jcl-5.0.7.RELEASE.jar;D:\Maven\m2\respository\org\springframework\spring-test\5.0.7.RELEASE\spring-test-5.0.7.RELEASE.jar;D:\Maven\m2\respository\org\xmlunit\xmlunit-core\2.5.1\xmlunit-core-2.5.1.jar;"/>
    <property name="sun.cpu.endian" value="little"/>
    <property name="user.home" value="C:\Users\win7"/>
    <property name="user.language" value="zh"/>
    <property name="java.specification.vendor" value="Oracle Corporation"/>
    <property name="java.home" value="D:\Program Files\Java\jdk1.8.0_112\jre"/>
    <property name="basedir" value="F:\workplace\shop\shopcommon"/>
    <property name="file.separator" value="\"/>
    <property name="line.separator" value="&#10;"/>
    <property name="java.vm.specification.vendor" value="Oracle Corporation"/>
    <property name="java.specification.name" value="Java Platform API Specification"/>
    <property name="java.awt.graphicsenv" value="sun.awt.Win32GraphicsEnvironment"/>
    <property name="surefire.real.class.path" value="C:\Users\win7\AppData\Local\Temp\surefire6543699342974224607\surefirebooter4257370477330786146.jar;D:\\Maven\\m2\\respository\\org\\jacoco\\org.jacoco.agent\\0.8.1\\org.jacoco.agent-0.8.1-runtime.jar"/>
    <property name="sun.boot.class.path" value="D:\Program Files\Java\jdk1.8.0_112\jre\lib\resources.jar;D:\Program Files\Java\jdk1.8.0_112\jre\lib\rt.jar;D:\Program Files\Java\jdk1.8.0_112\jre\lib\sunrsasign.jar;D:\Program Files\Java\jdk1.8.0_112\jre\lib\jsse.jar;D:\Program Files\Java\jdk1.8.0_112\jre\lib\jce.jar;D:\Program Files\Java\jdk1.8.0_112\jre\lib\charsets.jar;D:\Program Files\Java\jdk1.8.0_112\jre\lib\jfr.jar;D:\Program Files\Java\jdk1.8.0_112\jre\classes"/>
    <property name="user.script" value=""/>
    <property name="sun.management.compiler" value="HotSpot 64-Bit Tiered Compilers"/>
    <property name="java.runtime.version" value="1.8.0_112-b15"/>
    <property name="user.name" value="win7"/>
    <property name="path.separator" value=";"/>
    <property name="os.version" value="6.1"/>
    <property name="java.endorsed.dirs" value="D:\Program Files\Java\jdk1.8.0_112\jre\lib\endorsed"/>
    <property name="java.runtime.name" value="Java(TM) SE Runtime Environment"/>
    <property name="file.encoding" value="GBK"/>
    <property name="java.vm.name" value="Java HotSpot(TM) 64-Bit Server VM"/>
    <property name="localRepository" value="D:\Maven\m2\respository"/>
    <property name="java.vendor.url.bug" value="http://bugreport.sun.com/bugreport/"/>
    <property name="java.io.tmpdir" value="C:\Users\win7\AppData\Local\Temp\"/>
    <property name="java.version" value="1.8.0_112"/>
    <property name="user.dir" value="F:\workplace\shop\shopcommon"/>
    <property name="os.arch" value="amd64"/>
    <property name="java.vm.specification.name" value="Java Virtual Machine Specification"/>
    <property name="java.awt.printerjob" value="sun.awt.windows.WPrinterJob"/>
    <property name="sun.os.patch.level" value="Service Pack 1"/>
    <property name="java.library.path" value="D:\Program Files\Java\jdk1.8.0_112\jre\bin;C:\windows\Sun\Java\bin;C:\windows\system32;C:\windows;C:/Program Files/Java/jre1.8.0_181/bin/server;C:/Program Files/Java/jre1.8.0_181/bin;C:/Program Files/Java/jre1.8.0_181/lib/amd64;C:\Program Files (x86)\Common Files\Oracle\Java\javapath;C:\ProgramData\Oracle\Java\javapath;C:\windows\system32;C:\windows;C:\windows\System32\Wbem;C:\windows\System32\WindowsPowerShell\v1.0\;D:\Program Files\TortoiseSVN\bin;d:\Program Files\Git\cmd;E:\software\apache-maven-3.3.9\bin;E:\software\rocketmq-all-4.2.0-bin-release\bin;D:\Program Files\nodejs\;D:\Program Files\Java\jdk1.8.0_112\bin;C:\Program Files (x86)\MySQL\MySQL Utilities 1.6\;d:\Program Files (x86)\SSH Communications Security\SSH Secure Shell;C:\Users\win7\AppData\Roaming\npm;E:\software\eclipse;;."/>
    <property name="java.vm.info" value="mixed mode"/>
    <property name="java.vendor" value="Oracle Corporation"/>
    <property name="java.vm.version" value="25.112-b15"/>
    <property name="java.ext.dirs" value="D:\Program Files\Java\jdk1.8.0_112\jre\lib\ext;C:\windows\Sun\Java\lib\ext"/>
    <property name="sun.io.unicode.encoding" value="UnicodeLittle"/>
    <property name="java.class.version" value="52.0"/>
  </properties>
  <testcase name="testApp" classname="org.shopcommon.AppTest" time="0"/>
</testsuite>