<?xml version="1.0" encoding="UTF-8"?>
<testsuite xmlns:xsi="http://www.w3.org/2001/XMLSchema-instance" xsi:noNamespaceSchemaLocation="https://maven.apache.org/surefire/maven-surefire-plugin/xsd/surefire-test-report.xsd" name="org.register.AppTest" time="0.095" tests="1" errors="0" skipped="0" failures="0">
  <properties>
    <property name="sun.desktop" value="windows"/>
    <property name="awt.toolkit" value="sun.awt.windows.WToolkit"/>
    <property name="file.encoding.pkg" value="sun.io"/>
    <property name="java.specification.version" value="1.8"/>
    <property name="sun.cpu.isalist" value="amd64"/>
    <property name="sun.jnu.encoding" value="GBK"/>
    <property name="java.class.path" value="F:\workplace\shop\register\target\test-classes;F:\workplace\shop\register\target\classes;D:\Maven\m2\respository\org\springframework\cloud\spring-cloud-starter-netflix-eureka-server\2.0.0.RELEASE\spring-cloud-starter-netflix-eureka-server-2.0.0.RELEASE.jar;D:\Maven\m2\respository\org\springframework\cloud\spring-cloud-starter\2.0.0.RELEASE\spring-cloud-starter-2.0.0.RELEASE.jar;D:\Maven\m2\respository\org\springframework\cloud\spring-cloud-context\2.0.0.RELEASE\spring-cloud-context-2.0.0.RELEASE.jar;D:\Maven\m2\respository\org\springframework\security\spring-security-crypto\5.0.6.RELEASE\spring-security-crypto-5.0.6.RELEASE.jar;D:\Maven\m2\respository\org\springframework\cloud\spring-cloud-commons\2.0.0.RELEASE\spring-cloud-commons-2.0.0.RELEASE.jar;D:\Maven\m2\respository\org\springframework\security\spring-security-rsa\1.0.5.RELEASE\spring-security-rsa-1.0.5.RELEASE.jar;D:\Maven\m2\respository\org\bouncycastle\bcpkix-jdk15on\1.56\bcpkix-jdk15on-1.56.jar;D:\Maven\m2\respository\org\bouncycastle\bcprov-jdk15on\1.56\bcprov-jdk15on-1.56.jar;D:\Maven\m2\respository\org\springframework\cloud\spring-cloud-netflix-eureka-server\2.0.0.RELEASE\spring-cloud-netflix-eureka-server-2.0.0.RELEASE.jar;D:\Maven\m2\respository\org\springframework\boot\spring-boot-starter-web\2.0.4.RELEASE\spring-boot-starter-web-2.0.4.RELEASE.jar;D:\Maven\m2\respository\org\springframework\boot\spring-boot-starter-json\2.0.4.RELEASE\spring-boot-starter-json-2.0.4.RELEASE.jar;D:\Maven\m2\respository\com\fasterxml\jackson\datatype\jackson-datatype-jdk8\2.9.6\jackson-datatype-jdk8-2.9.6.jar;D:\Maven\m2\respository\com\fasterxml\jackson\datatype\jackson-datatype-jsr310\2.9.6\jackson-datatype-jsr310-2.9.6.jar;D:\Maven\m2\respository\com\fasterxml\jackson\module\jackson-module-parameter-names\2.9.6\jackson-module-parameter-names-2.9.6.jar;D:\Maven\m2\respository\org\springframework\boot\spring-boot-starter-tomcat\2.0.4.RELEASE\spring-boot-starter-tomcat-2.0.4.RELEASE.jar;D:\Maven\m2\respository\org\apache\tomcat\embed\tomcat-embed-core\8.5.32\tomcat-embed-core-8.5.32.jar;D:\Maven\m2\respository\org\apache\tomcat\embed\tomcat-embed-el\8.5.32\tomcat-embed-el-8.5.32.jar;D:\Maven\m2\respository\org\apache\tomcat\embed\tomcat-embed-websocket\8.5.32\tomcat-embed-websocket-8.5.32.jar;D:\Maven\m2\respository\org\hibernate\validator\hibernate-validator\6.0.11.Final\hibernate-validator-6.0.11.Final.jar;D:\Maven\m2\respository\javax\validation\validation-api\2.0.1.Final\validation-api-2.0.1.Final.jar;D:\Maven\m2\respository\org\jboss\logging\jboss-logging\3.3.2.Final\jboss-logging-3.3.2.Final.jar;D:\Maven\m2\respository\com\fasterxml\classmate\1.3.4\classmate-1.3.4.jar;D:\Maven\m2\respository\org\springframework\spring-web\5.0.7.RELEASE\spring-web-5.0.7.RELEASE.jar;D:\Maven\m2\respository\org\springframework\spring-beans\5.0.7.RELEASE\spring-beans-5.0.7.RELEASE.jar;D:\Maven\m2\respository\org\springframework\spring-webmvc\5.0.7.RELEASE\spring-webmvc-5.0.7.RELEASE.jar;D:\Maven\m2\respository\org\springframework\spring-aop\5.0.7.RELEASE\spring-aop-5.0.7.RELEASE.jar;D:\Maven\m2\respository\org\springframework\spring-expression\5.0.7.RELEASE\spring-expression-5.0.7.RELEASE.jar;D:\Maven\m2\respository\org\springframework\boot\spring-boot-starter-actuator\2.0.4.RELEASE\spring-boot-starter-actuator-2.0.4.RELEASE.jar;D:\Maven\m2\respository\org\springframework\boot\spring-boot-actuator-autoconfigure\2.0.4.RELEASE\spring-boot-actuator-autoconfigure-2.0.4.RELEASE.jar;D:\Maven\m2\respository\org\springframework\boot\spring-boot-actuator\2.0.4.RELEASE\spring-boot-actuator-2.0.4.RELEASE.jar;D:\Maven\m2\respository\io\micrometer\micrometer-core\1.0.6\micrometer-core-1.0.6.jar;D:\Maven\m2\respository\org\hdrhistogram\HdrHistogram\2.1.10\HdrHistogram-2.1.10.jar;D:\Maven\m2\respository\org\latencyutils\LatencyUtils\2.0.3\LatencyUtils-2.0.3.jar;D:\Maven\m2\respository\org\springframework\boot\spring-boot-starter-freemarker\2.0.4.RELEASE\spring-boot-starter-freemarker-2.0.4.RELEASE.jar;D:\Maven\m2\respository\org\freemarker\freemarker\2.3.28\freemarker-2.3.28.jar;D:\Maven\m2\respository\org\springframework\spring-context-support\5.0.7.RELEASE\spring-context-support-5.0.7.RELEASE.jar;D:\Maven\m2\respository\org\springframework\cloud\spring-cloud-netflix-core\2.0.0.RELEASE\spring-cloud-netflix-core-2.0.0.RELEASE.jar;D:\Maven\m2\respository\org\springframework\boot\spring-boot-starter-aop\2.0.4.RELEASE\spring-boot-starter-aop-2.0.4.RELEASE.jar;D:\Maven\m2\respository\org\aspectj\aspectjweaver\1.8.13\aspectjweaver-1.8.13.jar;D:\Maven\m2\respository\org\springframework\cloud\spring-cloud-netflix-eureka-client\2.0.0.RELEASE\spring-cloud-netflix-eureka-client-2.0.0.RELEASE.jar;D:\Maven\m2\respository\com\netflix\eureka\eureka-client\1.9.2\eureka-client-1.9.2.jar;D:\Maven\m2\respository\org\codehaus\jettison\jettison\1.3.7\jettison-1.3.7.jar;D:\Maven\m2\respository\stax\stax-api\1.0.1\stax-api-1.0.1.jar;D:\Maven\m2\respository\com\netflix\netflix-commons\netflix-eventbus\0.3.0\netflix-eventbus-0.3.0.jar;D:\Maven\m2\respository\com\netflix\netflix-commons\netflix-infix\0.3.0\netflix-infix-0.3.0.jar;D:\Maven\m2\respository\commons-jxpath\commons-jxpath\1.3\commons-jxpath-1.3.jar;D:\Maven\m2\respository\joda-time\joda-time\2.9.9\joda-time-2.9.9.jar;D:\Maven\m2\respository\org\antlr\antlr-runtime\3.4\antlr-runtime-3.4.jar;D:\Maven\m2\respository\org\antlr\stringtemplate\3.2.1\stringtemplate-3.2.1.jar;D:\Maven\m2\respository\antlr\antlr\2.7.7\antlr-2.7.7.jar;D:\Maven\m2\respository\com\google\code\gson\gson\2.8.5\gson-2.8.5.jar;D:\Maven\m2\respository\org\apache\commons\commons-math\2.2\commons-math-2.2.jar;D:\Maven\m2\respository\javax\ws\rs\jsr311-api\1.1.1\jsr311-api-1.1.1.jar;D:\Maven\m2\respository\com\netflix\servo\servo-core\0.12.21\servo-core-0.12.21.jar;D:\Maven\m2\respository\com\sun\jersey\jersey-core\1.19.1\jersey-core-1.19.1.jar;D:\Maven\m2\respository\com\sun\jersey\jersey-client\1.19.1\jersey-client-1.19.1.jar;D:\Maven\m2\respository\com\sun\jersey\contribs\jersey-apache-client4\1.19.1\jersey-apache-client4-1.19.1.jar;D:\Maven\m2\respository\org\apache\httpcomponents\httpclient\4.5.6\httpclient-4.5.6.jar;D:\Maven\m2\respository\org\apache\httpcomponents\httpcore\4.4.10\httpcore-4.4.10.jar;D:\Maven\m2\respository\commons-codec\commons-codec\1.11\commons-codec-1.11.jar;D:\Maven\m2\respository\com\google\inject\guice\4.1.0\guice-4.1.0.jar;D:\Maven\m2\respository\aopalliance\aopalliance\1.0\aopalliance-1.0.jar;D:\Maven\m2\respository\com\github\vlsi\compactmap\compactmap\1.2.1\compactmap-1.2.1.jar;D:\Maven\m2\respository\com\github\andrewoma\dexx\dexx-collections\0.2\dexx-collections-0.2.jar;D:\Maven\m2\respository\com\fasterxml\jackson\core\jackson-annotations\2.9.0\jackson-annotations-2.9.0.jar;D:\Maven\m2\respository\com\fasterxml\jackson\core\jackson-core\2.9.6\jackson-core-2.9.6.jar;D:\Maven\m2\respository\com\fasterxml\jackson\core\jackson-databind\2.9.6\jackson-databind-2.9.6.jar;D:\Maven\m2\respository\com\sun\jersey\jersey-servlet\1.19.1\jersey-servlet-1.19.1.jar;D:\Maven\m2\respository\com\sun\jersey\jersey-server\1.19.1\jersey-server-1.19.1.jar;D:\Maven\m2\respository\com\netflix\eureka\eureka-core\1.9.2\eureka-core-1.9.2.jar;D:\Maven\m2\respository\org\codehaus\woodstox\woodstox-core-asl\4.4.1\woodstox-core-asl-4.4.1.jar;D:\Maven\m2\respository\javax\xml\stream\stax-api\1.0-2\stax-api-1.0-2.jar;D:\Maven\m2\respository\com\netflix\archaius\archaius-core\0.7.6\archaius-core-0.7.6.jar;D:\Maven\m2\respository\com\google\code\findbugs\jsr305\3.0.1\jsr305-3.0.1.jar;D:\Maven\m2\respository\com\google\guava\guava\16.0\guava-16.0.jar;D:\Maven\m2\respository\javax\inject\javax.inject\1\javax.inject-1.jar;D:\Maven\m2\respository\com\fasterxml\jackson\dataformat\jackson-dataformat-xml\2.9.6\jackson-dataformat-xml-2.9.6.jar;D:\Maven\m2\respository\com\fasterxml\jackson\module\jackson-module-jaxb-annotations\2.9.6\jackson-module-jaxb-annotations-2.9.6.jar;D:\Maven\m2\respository\org\codehaus\woodstox\stax2-api\3.1.4\stax2-api-3.1.4.jar;D:\Maven\m2\respository\com\fasterxml\woodstox\woodstox-core\5.0.3\woodstox-core-5.0.3.jar;D:\Maven\m2\respository\com\thoughtworks\xstream\xstream\1.4.10\xstream-1.4.10.jar;D:\Maven\m2\respository\xmlpull\xmlpull\1.1.3.1\xmlpull-1.1.3.1.jar;D:\Maven\m2\respository\xpp3\xpp3_min\1.1.4c\xpp3_min-1.1.4c.jar;D:\Maven\m2\respository\org\springframework\cloud\spring-cloud-starter-netflix-archaius\2.0.0.RELEASE\spring-cloud-starter-netflix-archaius-2.0.0.RELEASE.jar;D:\Maven\m2\respository\org\springframework\cloud\spring-cloud-netflix-ribbon\2.0.0.RELEASE\spring-cloud-netflix-ribbon-2.0.0.RELEASE.jar;D:\Maven\m2\respository\org\springframework\cloud\spring-cloud-netflix-archaius\2.0.0.RELEASE\spring-cloud-netflix-archaius-2.0.0.RELEASE.jar;D:\Maven\m2\respository\commons-configuration\commons-configuration\1.8\commons-configuration-1.8.jar;D:\Maven\m2\respository\commons-lang\commons-lang\2.6\commons-lang-2.6.jar;D:\Maven\m2\respository\org\springframework\cloud\spring-cloud-starter-netflix-ribbon\2.0.0.RELEASE\spring-cloud-starter-netflix-ribbon-2.0.0.RELEASE.jar;D:\Maven\m2\respository\com\netflix\ribbon\ribbon\2.2.5\ribbon-2.2.5.jar;D:\Maven\m2\respository\com\netflix\ribbon\ribbon-transport\2.2.5\ribbon-transport-2.2.5.jar;D:\Maven\m2\respository\io\reactivex\rxnetty-contexts\0.4.9\rxnetty-contexts-0.4.9.jar;D:\Maven\m2\respository\io\reactivex\rxnetty-servo\0.4.9\rxnetty-servo-0.4.9.jar;D:\Maven\m2\respository\com\netflix\hystrix\hystrix-core\1.5.12\hystrix-core-1.5.12.jar;D:\Maven\m2\respository\io\reactivex\rxnetty\0.4.9\rxnetty-0.4.9.jar;D:\Maven\m2\respository\io\netty\netty-codec-http\4.1.25.Final\netty-codec-http-4.1.25.Final.jar;D:\Maven\m2\respository\io\netty\netty-codec\4.1.25.Final\netty-codec-4.1.25.Final.jar;D:\Maven\m2\respository\io\netty\netty-transport-native-epoll\4.1.25.Final\netty-transport-native-epoll-4.1.25.Final.jar;D:\Maven\m2\respository\io\netty\netty-common\4.1.25.Final\netty-common-4.1.25.Final.jar;D:\Maven\m2\respository\io\netty\netty-buffer\4.1.25.Final\netty-buffer-4.1.25.Final.jar;D:\Maven\m2\respository\io\netty\netty-transport-native-unix-common\4.1.25.Final\netty-transport-native-unix-common-4.1.25.Final.jar;D:\Maven\m2\respository\io\netty\netty-transport\4.1.25.Final\netty-transport-4.1.25.Final.jar;D:\Maven\m2\respository\io\netty\netty-resolver\4.1.25.Final\netty-resolver-4.1.25.Final.jar;D:\Maven\m2\respository\com\netflix\ribbon\ribbon-core\2.2.5\ribbon-core-2.2.5.jar;D:\Maven\m2\respository\com\netflix\ribbon\ribbon-httpclient\2.2.5\ribbon-httpclient-2.2.5.jar;D:\Maven\m2\respository\commons-collections\commons-collections\3.2.2\commons-collections-3.2.2.jar;D:\Maven\m2\respository\com\netflix\netflix-commons\netflix-commons-util\0.3.0\netflix-commons-util-0.3.0.jar;D:\Maven\m2\respository\com\netflix\ribbon\ribbon-loadbalancer\2.2.5\ribbon-loadbalancer-2.2.5.jar;D:\Maven\m2\respository\com\netflix\netflix-commons\netflix-statistics\0.1.1\netflix-statistics-0.1.1.jar;D:\Maven\m2\respository\io\reactivex\rxjava\1.3.8\rxjava-1.3.8.jar;D:\Maven\m2\respository\com\netflix\ribbon\ribbon-eureka\2.2.5\ribbon-eureka-2.2.5.jar;D:\Maven\m2\respository\org\slf4j\slf4j-api\1.7.25\slf4j-api-1.7.25.jar;D:\Maven\m2\respository\org\springframework\boot\spring-boot-starter-test\2.0.4.RELEASE\spring-boot-starter-test-2.0.4.RELEASE.jar;D:\Maven\m2\respository\org\springframework\boot\spring-boot-starter\2.0.4.RELEASE\spring-boot-starter-2.0.4.RELEASE.jar;D:\Maven\m2\respository\org\springframework\boot\spring-boot\2.0.4.RELEASE\spring-boot-2.0.4.RELEASE.jar;D:\Maven\m2\respository\org\springframework\spring-context\5.0.7.RELEASE\spring-context-5.0.7.RELEASE.jar;D:\Maven\m2\respository\org\springframework\boot\spring-boot-autoconfigure\2.0.4.RELEASE\spring-boot-autoconfigure-2.0.4.RELEASE.jar;D:\Maven\m2\respository\org\springframework\boot\spring-boot-starter-logging\2.0.4.RELEASE\spring-boot-starter-logging-2.0.4.RELEASE.jar;D:\Maven\m2\respository\ch\qos\logback\logback-classic\1.2.3\logback-classic-1.2.3.jar;D:\Maven\m2\respository\ch\qos\logback\logback-core\1.2.3\logback-core-1.2.3.jar;D:\Maven\m2\respository\org\apache\logging\log4j\log4j-to-slf4j\2.10.0\log4j-to-slf4j-2.10.0.jar;D:\Maven\m2\respository\org\apache\logging\log4j\log4j-api\2.10.0\log4j-api-2.10.0.jar;D:\Maven\m2\respository\org\slf4j\jul-to-slf4j\1.7.25\jul-to-slf4j-1.7.25.jar;D:\Maven\m2\respository\javax\annotation\javax.annotation-api\1.3.2\javax.annotation-api-1.3.2.jar;D:\Maven\m2\respository\org\yaml\snakeyaml\1.19\snakeyaml-1.19.jar;D:\Maven\m2\respository\org\springframework\boot\spring-boot-test\2.0.4.RELEASE\spring-boot-test-2.0.4.RELEASE.jar;D:\Maven\m2\respository\org\springframework\boot\spring-boot-test-autoconfigure\2.0.4.RELEASE\spring-boot-test-autoconfigure-2.0.4.RELEASE.jar;D:\Maven\m2\respository\com\jayway\jsonpath\json-path\2.4.0\json-path-2.4.0.jar;D:\Maven\m2\respository\net\minidev\json-smart\2.3\json-smart-2.3.jar;D:\Maven\m2\respository\net\minidev\accessors-smart\1.2\accessors-smart-1.2.jar;D:\Maven\m2\respository\org\ow2\asm\asm\5.0.4\asm-5.0.4.jar;D:\Maven\m2\respository\junit\junit\4.12\junit-4.12.jar;D:\Maven\m2\respository\org\assertj\assertj-core\3.9.1\assertj-core-3.9.1.jar;D:\Maven\m2\respository\org\mockito\mockito-core\2.15.0\mockito-core-2.15.0.jar;D:\Maven\m2\respository\net\bytebuddy\byte-buddy\1.7.11\byte-buddy-1.7.11.jar;D:\Maven\m2\respository\net\bytebuddy\byte-buddy-agent\1.7.11\byte-buddy-agent-1.7.11.jar;D:\Maven\m2\respository\org\objenesis\objenesis\2.6\objenesis-2.6.jar;D:\Maven\m2\respository\org\hamcrest\hamcrest-core\1.3\hamcrest-core-1.3.jar;D:\Maven\m2\respository\org\hamcrest\hamcrest-library\1.3\hamcrest-library-1.3.jar;D:\Maven\m2\respository\org\skyscreamer\jsonassert\1.5.0\jsonassert-1.5.0.jar;D:\Maven\m2\respository\com\vaadin\external\google\android-json\0.0.20131108.vaadin1\android-json-0.0.20131108.vaadin1.jar;D:\Maven\m2\respository\org\springframework\spring-core\5.0.8.RELEASE\spring-core-5.0.8.RELEASE.jar;D:\Maven\m2\respository\org\springframework\spring-jcl\5.0.7.RELEASE\spring-jcl-5.0.7.RELEASE.jar;D:\Maven\m2\respository\org\springframework\spring-test\5.0.7.RELEASE\spring-test-5.0.7.RELEASE.jar;D:\Maven\m2\respository\org\xmlunit\xmlunit-core\2.5.1\xmlunit-core-2.5.1.jar;"/>
    <property name="java.vm.vendor" value="Oracle Corporation"/>
    <property name="sun.arch.data.model" value="64"/>
    <property name="user.variant" value=""/>
    <property name="java.vendor.url" value="http://java.oracle.com/"/>
    <property name="user.timezone" value=""/>
    <property name="java.vm.specification.version" value="1.8"/>
    <property name="os.name" value="Windows 7"/>
    <property name="user.country" value="CN"/>
    <property name="sun.java.launcher" value="SUN_STANDARD"/>
    <property name="sun.boot.library.path" value="D:\Program Files\Java\jdk1.8.0_112\jre\bin"/>
    <property name="sun.java.command" value="C:\Users\win7\AppData\Local\Temp\surefire77779966833234805\surefirebooter5739196709828112842.jar C:\Users\win7\AppData\Local\Temp\surefire77779966833234805 2018-08-28T16-10-56_051-jvmRun1 surefire738487657308707416tmp surefire_15744080707166597271tmp"/>
    <property name="surefire.test.class.path" value="F:\workplace\shop\register\target\test-classes;F:\workplace\shop\register\target\classes;D:\Maven\m2\respository\org\springframework\cloud\spring-cloud-starter-netflix-eureka-server\2.0.0.RELEASE\spring-cloud-starter-netflix-eureka-server-2.0.0.RELEASE.jar;D:\Maven\m2\respository\org\springframework\cloud\spring-cloud-starter\2.0.0.RELEASE\spring-cloud-starter-2.0.0.RELEASE.jar;D:\Maven\m2\respository\org\springframework\cloud\spring-cloud-context\2.0.0.RELEASE\spring-cloud-context-2.0.0.RELEASE.jar;D:\Maven\m2\respository\org\springframework\security\spring-security-crypto\5.0.6.RELEASE\spring-security-crypto-5.0.6.RELEASE.jar;D:\Maven\m2\respository\org\springframework\cloud\spring-cloud-commons\2.0.0.RELEASE\spring-cloud-commons-2.0.0.RELEASE.jar;D:\Maven\m2\respository\org\springframework\security\spring-security-rsa\1.0.5.RELEASE\spring-security-rsa-1.0.5.RELEASE.jar;D:\Maven\m2\respository\org\bouncycastle\bcpkix-jdk15on\1.56\bcpkix-jdk15on-1.56.jar;D:\Maven\m2\respository\org\bouncycastle\bcprov-jdk15on\1.56\bcprov-jdk15on-1.56.jar;D:\Maven\m2\respository\org\springframework\cloud\spring-cloud-netflix-eureka-server\2.0.0.RELEASE\spring-cloud-netflix-eureka-server-2.0.0.RELEASE.jar;D:\Maven\m2\respository\org\springframework\boot\spring-boot-starter-web\2.0.4.RELEASE\spring-boot-starter-web-2.0.4.RELEASE.jar;D:\Maven\m2\respository\org\springframework\boot\spring-boot-starter-json\2.0.4.RELEASE\spring-boot-starter-json-2.0.4.RELEASE.jar;D:\Maven\m2\respository\com\fasterxml\jackson\datatype\jackson-datatype-jdk8\2.9.6\jackson-datatype-jdk8-2.9.6.jar;D:\Maven\m2\respository\com\fasterxml\jackson\datatype\jackson-datatype-jsr310\2.9.6\jackson-datatype-jsr310-2.9.6.jar;D:\Maven\m2\respository\com\fasterxml\jackson\module\jackson-module-parameter-names\2.9.6\jackson-module-parameter-names-2.9.6.jar;D:\Maven\m2\respository\org\springframework\boot\spring-boot-starter-tomcat\2.0.4.RELEASE\spring-boot-starter-tomcat-2.0.4.RELEASE.jar;D:\Maven\m2\respository\org\apache\tomcat\embed\tomcat-embed-core\8.5.32\tomcat-embed-core-8.5.32.jar;D:\Maven\m2\respository\org\apache\tomcat\embed\tomcat-embed-el\8.5.32\tomcat-embed-el-8.5.32.jar;D:\Maven\m2\respository\org\apache\tomcat\embed\tomcat-embed-websocket\8.5.32\tomcat-embed-websocket-8.5.32.jar;D:\Maven\m2\respository\org\hibernate\validator\hibernate-validator\6.0.11.Final\hibernate-validator-6.0.11.Final.jar;D:\Maven\m2\respository\javax\validation\validation-api\2.0.1.Final\validation-api-2.0.1.Final.jar;D:\Maven\m2\respository\org\jboss\logging\jboss-logging\3.3.2.Final\jboss-logging-3.3.2.Final.jar;D:\Maven\m2\respository\com\fasterxml\classmate\1.3.4\classmate-1.3.4.jar;D:\Maven\m2\respository\org\springframework\spring-web\5.0.7.RELEASE\spring-web-5.0.7.RELEASE.jar;D:\Maven\m2\respository\org\springframework\spring-beans\5.0.7.RELEASE\spring-beans-5.0.7.RELEASE.jar;D:\Maven\m2\respository\org\springframework\spring-webmvc\5.0.7.RELEASE\spring-webmvc-5.0.7.RELEASE.jar;D:\Maven\m2\respository\org\springframework\spring-aop\5.0.7.RELEASE\spring-aop-5.0.7.RELEASE.jar;D:\Maven\m2\respository\org\springframework\spring-expression\5.0.7.RELEASE\spring-expression-5.0.7.RELEASE.jar;D:\Maven\m2\respository\org\springframework\boot\spring-boot-starter-actuator\2.0.4.RELEASE\spring-boot-starter-actuator-2.0.4.RELEASE.jar;D:\Maven\m2\respository\org\springframework\boot\spring-boot-actuator-autoconfigure\2.0.4.RELEASE\spring-boot-actuator-autoconfigure-2.0.4.RELEASE.jar;D:\Maven\m2\respository\org\springframework\boot\spring-boot-actuator\2.0.4.RELEASE\spring-boot-actuator-2.0.4.RELEASE.jar;D:\Maven\m2\respository\io\micrometer\micrometer-core\1.0.6\micrometer-core-1.0.6.jar;D:\Maven\m2\respository\org\hdrhistogram\HdrHistogram\2.1.10\HdrHistogram-2.1.10.jar;D:\Maven\m2\respository\org\latencyutils\LatencyUtils\2.0.3\LatencyUtils-2.0.3.jar;D:\Maven\m2\respository\org\springframework\boot\spring-boot-starter-freemarker\2.0.4.RELEASE\spring-boot-starter-freemarker-2.0.4.RELEASE.jar;D:\Maven\m2\respository\org\freemarker\freemarker\2.3.28\freemarker-2.3.28.jar;D:\Maven\m2\respository\org\springframework\spring-context-support\5.0.7.RELEASE\spring-context-support-5.0.7.RELEASE.jar;D:\Maven\m2\respository\org\springframework\cloud\spring-cloud-netflix-core\2.0.0.RELEASE\spring-cloud-netflix-core-2.0.0.RELEASE.jar;D:\Maven\m2\respository\org\springframework\boot\spring-boot-starter-aop\2.0.4.RELEASE\spring-boot-starter-aop-2.0.4.RELEASE.jar;D:\Maven\m2\respository\org\aspectj\aspectjweaver\1.8.13\aspectjweaver-1.8.13.jar;D:\Maven\m2\respository\org\springframework\cloud\spring-cloud-netflix-eureka-client\2.0.0.RELEASE\spring-cloud-netflix-eureka-client-2.0.0.RELEASE.jar;D:\Maven\m2\respository\com\netflix\eureka\eureka-client\1.9.2\eureka-client-1.9.2.jar;D:\Maven\m2\respository\org\codehaus\jettison\jettison\1.3.7\jettison-1.3.7.jar;D:\Maven\m2\respository\stax\stax-api\1.0.1\stax-api-1.0.1.jar;D:\Maven\m2\respository\com\netflix\netflix-commons\netflix-eventbus\0.3.0\netflix-eventbus-0.3.0.jar;D:\Maven\m2\respository\com\netflix\netflix-commons\netflix-infix\0.3.0\netflix-infix-0.3.0.jar;D:\Maven\m2\respository\commons-jxpath\commons-jxpath\1.3\commons-jxpath-1.3.jar;D:\Maven\m2\respository\joda-time\joda-time\2.9.9\joda-time-2.9.9.jar;D:\Maven\m2\respository\org\antlr\antlr-runtime\3.4\antlr-runtime-3.4.jar;D:\Maven\m2\respository\org\antlr\stringtemplate\3.2.1\stringtemplate-3.2.1.jar;D:\Maven\m2\respository\antlr\antlr\2.7.7\antlr-2.7.7.jar;D:\Maven\m2\respository\com\google\code\gson\gson\2.8.5\gson-2.8.5.jar;D:\Maven\m2\respository\org\apache\commons\commons-math\2.2\commons-math-2.2.jar;D:\Maven\m2\respository\javax\ws\rs\jsr311-api\1.1.1\jsr311-api-1.1.1.jar;D:\Maven\m2\respository\com\netflix\servo\servo-core\0.12.21\servo-core-0.12.21.jar;D:\Maven\m2\respository\com\sun\jersey\jersey-core\1.19.1\jersey-core-1.19.1.jar;D:\Maven\m2\respository\com\sun\jersey\jersey-client\1.19.1\jersey-client-1.19.1.jar;D:\Maven\m2\respository\com\sun\jersey\contribs\jersey-apache-client4\1.19.1\jersey-apache-client4-1.19.1.jar;D:\Maven\m2\respository\org\apache\httpcomponents\httpclient\4.5.6\httpclient-4.5.6.jar;D:\Maven\m2\respository\org\apache\httpcomponents\httpcore\4.4.10\httpcore-4.4.10.jar;D:\Maven\m2\respository\commons-codec\commons-codec\1.11\commons-codec-1.11.jar;D:\Maven\m2\respository\com\google\inject\guice\4.1.0\guice-4.1.0.jar;D:\Maven\m2\respository\aopalliance\aopalliance\1.0\aopalliance-1.0.jar;D:\Maven\m2\respository\com\github\vlsi\compactmap\compactmap\1.2.1\compactmap-1.2.1.jar;D:\Maven\m2\respository\com\github\andrewoma\dexx\dexx-collections\0.2\dexx-collections-0.2.jar;D:\Maven\m2\respository\com\fasterxml\jackson\core\jackson-annotations\2.9.0\jackson-annotations-2.9.0.jar;D:\Maven\m2\respository\com\fasterxml\jackson\core\jackson-core\2.9.6\jackson-core-2.9.6.jar;D:\Maven\m2\respository\com\fasterxml\jackson\core\jackson-databind\2.9.6\jackson-databind-2.9.6.jar;D:\Maven\m2\respository\com\sun\jersey\jersey-servlet\1.19.1\jersey-servlet-1.19.1.jar;D:\Maven\m2\respository\com\sun\jersey\jersey-server\1.19.1\jersey-server-1.19.1.jar;D:\Maven\m2\respository\com\netflix\eureka\eureka-core\1.9.2\eureka-core-1.9.2.jar;D:\Maven\m2\respository\org\codehaus\woodstox\woodstox-core-asl\4.4.1\woodstox-core-asl-4.4.1.jar;D:\Maven\m2\respository\javax\xml\stream\stax-api\1.0-2\stax-api-1.0-2.jar;D:\Maven\m2\respository\com\netflix\archaius\archaius-core\0.7.6\archaius-core-0.7.6.jar;D:\Maven\m2\respository\com\google\code\findbugs\jsr305\3.0.1\jsr305-3.0.1.jar;D:\Maven\m2\respository\com\google\guava\guava\16.0\guava-16.0.jar;D:\Maven\m2\respository\javax\inject\javax.inject\1\javax.inject-1.jar;D:\Maven\m2\respository\com\fasterxml\jackson\dataformat\jackson-dataformat-xml\2.9.6\jackson-dataformat-xml-2.9.6.jar;D:\Maven\m2\respository\com\fasterxml\jackson\module\jackson-module-jaxb-annotations\2.9.6\jackson-module-jaxb-annotations-2.9.6.jar;D:\Maven\m2\respository\org\codehaus\woodstox\stax2-api\3.1.4\stax2-api-3.1.4.jar;D:\Maven\m2\respository\com\fasterxml\woodstox\woodstox-core\5.0.3\woodstox-core-5.0.3.jar;D:\Maven\m2\respository\com\thoughtworks\xstream\xstream\1.4.10\xstream-1.4.10.jar;D:\Maven\m2\respository\xmlpull\xmlpull\1.1.3.1\xmlpull-1.1.3.1.jar;D:\Maven\m2\respository\xpp3\xpp3_min\1.1.4c\xpp3_min-1.1.4c.jar;D:\Maven\m2\respository\org\springframework\cloud\spring-cloud-starter-netflix-archaius\2.0.0.RELEASE\spring-cloud-starter-netflix-archaius-2.0.0.RELEASE.jar;D:\Maven\m2\respository\org\springframework\cloud\spring-cloud-netflix-ribbon\2.0.0.RELEASE\spring-cloud-netflix-ribbon-2.0.0.RELEASE.jar;D:\Maven\m2\respository\org\springframework\cloud\spring-cloud-netflix-archaius\2.0.0.RELEASE\spring-cloud-netflix-archaius-2.0.0.RELEASE.jar;D:\Maven\m2\respository\commons-configuration\commons-configuration\1.8\commons-configuration-1.8.jar;D:\Maven\m2\respository\commons-lang\commons-lang\2.6\commons-lang-2.6.jar;D:\Maven\m2\respository\org\springframework\cloud\spring-cloud-starter-netflix-ribbon\2.0.0.RELEASE\spring-cloud-starter-netflix-ribbon-2.0.0.RELEASE.jar;D:\Maven\m2\respository\com\netflix\ribbon\ribbon\2.2.5\ribbon-2.2.5.jar;D:\Maven\m2\respository\com\netflix\ribbon\ribbon-transport\2.2.5\ribbon-transport-2.2.5.jar;D:\Maven\m2\respository\io\reactivex\rxnetty-contexts\0.4.9\rxnetty-contexts-0.4.9.jar;D:\Maven\m2\respository\io\reactivex\rxnetty-servo\0.4.9\rxnetty-servo-0.4.9.jar;D:\Maven\m2\respository\com\netflix\hystrix\hystrix-core\1.5.12\hystrix-core-1.5.12.jar;D:\Maven\m2\respository\io\reactivex\rxnetty\0.4.9\rxnetty-0.4.9.jar;D:\Maven\m2\respository\io\netty\netty-codec-http\4.1.25.Final\netty-codec-http-4.1.25.Final.jar;D:\Maven\m2\respository\io\netty\netty-codec\4.1.25.Final\netty-codec-4.1.25.Final.jar;D:\Maven\m2\respository\io\netty\netty-transport-native-epoll\4.1.25.Final\netty-transport-native-epoll-4.1.25.Final.jar;D:\Maven\m2\respository\io\netty\netty-common\4.1.25.Final\netty-common-4.1.25.Final.jar;D:\Maven\m2\respository\io\netty\netty-buffer\4.1.25.Final\netty-buffer-4.1.25.Final.jar;D:\Maven\m2\respository\io\netty\netty-transport-native-unix-common\4.1.25.Final\netty-transport-native-unix-common-4.1.25.Final.jar;D:\Maven\m2\respository\io\netty\netty-transport\4.1.25.Final\netty-transport-4.1.25.Final.jar;D:\Maven\m2\respository\io\netty\netty-resolver\4.1.25.Final\netty-resolver-4.1.25.Final.jar;D:\Maven\m2\respository\com\netflix\ribbon\ribbon-core\2.2.5\ribbon-core-2.2.5.jar;D:\Maven\m2\respository\com\netflix\ribbon\ribbon-httpclient\2.2.5\ribbon-httpclient-2.2.5.jar;D:\Maven\m2\respository\commons-collections\commons-collections\3.2.2\commons-collections-3.2.2.jar;D:\Maven\m2\respository\com\netflix\netflix-commons\netflix-commons-util\0.3.0\netflix-commons-util-0.3.0.jar;D:\Maven\m2\respository\com\netflix\ribbon\ribbon-loadbalancer\2.2.5\ribbon-loadbalancer-2.2.5.jar;D:\Maven\m2\respository\com\netflix\netflix-commons\netflix-statistics\0.1.1\netflix-statistics-0.1.1.jar;D:\Maven\m2\respository\io\reactivex\rxjava\1.3.8\rxjava-1.3.8.jar;D:\Maven\m2\respository\com\netflix\ribbon\ribbon-eureka\2.2.5\ribbon-eureka-2.2.5.jar;D:\Maven\m2\respository\org\slf4j\slf4j-api\1.7.25\slf4j-api-1.7.25.jar;D:\Maven\m2\respository\org\springframework\boot\spring-boot-starter-test\2.0.4.RELEASE\spring-boot-starter-test-2.0.4.RELEASE.jar;D:\Maven\m2\respository\org\springframework\boot\spring-boot-starter\2.0.4.RELEASE\spring-boot-starter-2.0.4.RELEASE.jar;D:\Maven\m2\respository\org\springframework\boot\spring-boot\2.0.4.RELEASE\spring-boot-2.0.4.RELEASE.jar;D:\Maven\m2\respository\org\springframework\spring-context\5.0.7.RELEASE\spring-context-5.0.7.RELEASE.jar;D:\Maven\m2\respository\org\springframework\boot\spring-boot-autoconfigure\2.0.4.RELEASE\spring-boot-autoconfigure-2.0.4.RELEASE.jar;D:\Maven\m2\respository\org\springframework\boot\spring-boot-starter-logging\2.0.4.RELEASE\spring-boot-starter-logging-2.0.4.RELEASE.jar;D:\Maven\m2\respository\ch\qos\logback\logback-classic\1.2.3\logback-classic-1.2.3.jar;D:\Maven\m2\respository\ch\qos\logback\logback-core\1.2.3\logback-core-1.2.3.jar;D:\Maven\m2\respository\org\apache\logging\log4j\log4j-to-slf4j\2.10.0\log4j-to-slf4j-2.10.0.jar;D:\Maven\m2\respository\org\apache\logging\log4j\log4j-api\2.10.0\log4j-api-2.10.0.jar;D:\Maven\m2\respository\org\slf4j\jul-to-slf4j\1.7.25\jul-to-slf4j-1.7.25.jar;D:\Maven\m2\respository\javax\annotation\javax.annotation-api\1.3.2\javax.annotation-api-1.3.2.jar;D:\Maven\m2\respository\org\yaml\snakeyaml\1.19\snakeyaml-1.19.jar;D:\Maven\m2\respository\org\springframework\boot\spring-boot-test\2.0.4.RELEASE\spring-boot-test-2.0.4.RELEASE.jar;D:\Maven\m2\respository\org\springframework\boot\spring-boot-test-autoconfigure\2.0.4.RELEASE\spring-boot-test-autoconfigure-2.0.4.RELEASE.jar;D:\Maven\m2\respository\com\jayway\jsonpath\json-path\2.4.0\json-path-2.4.0.jar;D:\Maven\m2\respository\net\minidev\json-smart\2.3\json-smart-2.3.jar;D:\Maven\m2\respository\net\minidev\accessors-smart\1.2\accessors-smart-1.2.jar;D:\Maven\m2\respository\org\ow2\asm\asm\5.0.4\asm-5.0.4.jar;D:\Maven\m2\respository\junit\junit\4.12\junit-4.12.jar;D:\Maven\m2\respository\org\assertj\assertj-core\3.9.1\assertj-core-3.9.1.jar;D:\Maven\m2\respository\org\mockito\mockito-core\2.15.0\mockito-core-2.15.0.jar;D:\Maven\m2\respository\net\bytebuddy\byte-buddy\1.7.11\byte-buddy-1.7.11.jar;D:\Maven\m2\respository\net\bytebuddy\byte-buddy-agent\1.7.11\byte-buddy-agent-1.7.11.jar;D:\Maven\m2\respository\org\objenesis\objenesis\2.6\objenesis-2.6.jar;D:\Maven\m2\respository\org\hamcrest\hamcrest-core\1.3\hamcrest-core-1.3.jar;D:\Maven\m2\respository\org\hamcrest\hamcrest-library\1.3\hamcrest-library-1.3.jar;D:\Maven\m2\respository\org\skyscreamer\jsonassert\1.5.0\jsonassert-1.5.0.jar;D:\Maven\m2\respository\com\vaadin\external\google\android-json\0.0.20131108.vaadin1\android-json-0.0.20131108.vaadin1.jar;D:\Maven\m2\respository\org\springframework\spring-core\5.0.8.RELEASE\spring-core-5.0.8.RELEASE.jar;D:\Maven\m2\respository\org\springframework\spring-jcl\5.0.7.RELEASE\spring-jcl-5.0.7.RELEASE.jar;D:\Maven\m2\respository\org\springframework\spring-test\5.0.7.RELEASE\spring-test-5.0.7.RELEASE.jar;D:\Maven\m2\respository\org\xmlunit\xmlunit-core\2.5.1\xmlunit-core-2.5.1.jar;"/>
    <property name="sun.cpu.endian" value="little"/>
    <property name="user.home" value="C:\Users\win7"/>
    <property name="user.language" value="zh"/>
    <property name="java.specification.vendor" value="Oracle Corporation"/>
    <property name="java.home" value="D:\Program Files\Java\jdk1.8.0_112\jre"/>
    <property name="basedir" value="F:\workplace\shop\register"/>
    <property name="file.separator" value="\"/>
    <property name="line.separator" value="&#10;"/>
    <property name="java.vm.specification.vendor" value="Oracle Corporation"/>
    <property name="java.specification.name" value="Java Platform API Specification"/>
    <property name="java.awt.graphicsenv" value="sun.awt.Win32GraphicsEnvironment"/>
    <property name="surefire.real.class.path" value="C:\Users\win7\AppData\Local\Temp\surefire77779966833234805\surefirebooter5739196709828112842.jar;D:\\Maven\\m2\\respository\\org\\jacoco\\org.jacoco.agent\\0.8.1\\org.jacoco.agent-0.8.1-runtime.jar"/>
    <property name="sun.boot.class.path" value="D:\Program Files\Java\jdk1.8.0_112\jre\lib\resources.jar;D:\Program Files\Java\jdk1.8.0_112\jre\lib\rt.jar;D:\Program Files\Java\jdk1.8.0_112\jre\lib\sunrsasign.jar;D:\Program Files\Java\jdk1.8.0_112\jre\lib\jsse.jar;D:\Program Files\Java\jdk1.8.0_112\jre\lib\jce.jar;D:\Program Files\Java\jdk1.8.0_112\jre\lib\charsets.jar;D:\Program Files\Java\jdk1.8.0_112\jre\lib\jfr.jar;D:\Program Files\Java\jdk1.8.0_112\jre\classes"/>
    <property name="user.script" value=""/>
    <property name="sun.management.compiler" value="HotSpot 64-Bit Tiered Compilers"/>
    <property name="java.runtime.version" value="1.8.0_112-b15"/>
    <property name="user.name" value="win7"/>
    <property name="path.separator" value=";"/>
    <property name="os.version" value="6.1"/>
    <property name="java.endorsed.dirs" value="D:\Program Files\Java\jdk1.8.0_112\jre\lib\endorsed"/>
    <property name="java.runtime.name" value="Java(TM) SE Runtime Environment"/>
    <property name="file.encoding" value="GBK"/>
    <property name="java.vm.name" value="Java HotSpot(TM) 64-Bit Server VM"/>
    <property name="localRepository" value="D:\Maven\m2\respository"/>
    <property name="java.vendor.url.bug" value="http://bugreport.sun.com/bugreport/"/>
    <property name="java.io.tmpdir" value="C:\Users\win7\AppData\Local\Temp\"/>
    <property name="java.version" value="1.8.0_112"/>
    <property name="user.dir" value="F:\workplace\shop\register"/>
    <property name="os.arch" value="amd64"/>
    <property name="java.vm.specification.name" value="Java Virtual Machine Specification"/>
    <property name="java.awt.printerjob" value="sun.awt.windows.WPrinterJob"/>
    <property name="sun.os.patch.level" value="Service Pack 1"/>
    <property name="java.library.path" value="D:\Program Files\Java\jdk1.8.0_112\jre\bin;C:\windows\Sun\Java\bin;C:\windows\system32;C:\windows;C:/Program Files/Java/jre1.8.0_181/bin/server;C:/Program Files/Java/jre1.8.0_181/bin;C:/Program Files/Java/jre1.8.0_181/lib/amd64;C:\Program Files (x86)\Common Files\Oracle\Java\javapath;C:\ProgramData\Oracle\Java\javapath;C:\windows\system32;C:\windows;C:\windows\System32\Wbem;C:\windows\System32\WindowsPowerShell\v1.0\;D:\Program Files\TortoiseSVN\bin;d:\Program Files\Git\cmd;E:\software\apache-maven-3.3.9\bin;E:\software\rocketmq-all-4.2.0-bin-release\bin;D:\Program Files\nodejs\;D:\Program Files\Java\jdk1.8.0_112\bin;d:\Program Files (x86)\SSH Communications Security\SSH Secure Shell;C:\Users\win7\AppData\Roaming\npm;E:\software\eclipse;;."/>
    <property name="java.vm.info" value="mixed mode"/>
    <property name="java.vendor" value="Oracle Corporation"/>
    <property name="java.vm.version" value="25.112-b15"/>
    <property name="java.ext.dirs" value="D:\Program Files\Java\jdk1.8.0_112\jre\lib\ext;C:\windows\Sun\Java\lib\ext"/>
    <property name="sun.io.unicode.encoding" value="UnicodeLittle"/>
    <property name="java.class.version" value="52.0"/>
  </properties>
  <testcase name="testApp" classname="org.register.AppTest" time="0"/>
</testsuite>